<?xml version="1.0" encoding="UTF-8"?>
<!-- Generated by org.testng.reporters.JUnitReportReporter -->
<testsuite hostname="DESKTOP-1SFM1CA" name="com.testPack.ShippingPage_test" tests="3" failures="0" timestamp="13 May 2019 10:16:21 GMT" time="9.389" errors="0">
  <testcase name="alerthandel" time="0.325" classname="com.testPack.ShippingPage_test"/>
  <testcase name="clickbox" time="8.922" classname="com.testPack.ShippingPage_test"/>
  <testcase name="proceedwithoutAccept" time="0.142" classname="com.testPack.ShippingPage_test"/>
</testsuite> <!-- com.testPack.ShippingPage_test -->
