<?xml version="1.0" encoding="UTF-8"?>
<!-- Generated by org.testng.reporters.JUnitReportReporter -->
<testsuite hostname="DESKTOP-1SFM1CA" name="com.testPack.AuthenticationLoginPageTest" tests="1" failures="0" timestamp="9 May 2019 11:26:29 GMT" time="19.190" errors="0">
  <testcase name="fillemailadd" time="19.190" classname="com.testPack.AuthenticationLoginPageTest"/>
</testsuite> <!-- com.testPack.AuthenticationLoginPageTest -->
