<?xml version="1.0" encoding="UTF-8"?>
<!-- Generated by org.testng.reporters.JUnitReportReporter -->
<testsuite hostname="DESKTOP-1SFM1CA" name="com.testPack.SummaryPage_test" tests="2" failures="0" timestamp="13 May 2019 06:45:24 GMT" time="3.751" errors="0">
  <testcase name="addItem" time="0.098" classname="com.testPack.SummaryPage_test"/>
  <testcase name="proceed" time="3.653" classname="com.testPack.SummaryPage_test"/>
</testsuite> <!-- com.testPack.SummaryPage_test -->
