<?xml version="1.0" encoding="UTF-8"?>
<!-- Generated by org.testng.reporters.JUnitReportReporter -->
<testsuite hostname="DESKTOP-1SFM1CA" name="com.testPack.HomePage_test" tests="1" failures="0" timestamp="8 May 2019 10:38:31 GMT" time="19.165" errors="0">
  <testcase name="openSignupPagetest" time="19.165" classname="com.testPack.HomePage_test"/>
</testsuite> <!-- com.testPack.HomePage_test -->
