<?xml version="1.0" encoding="UTF-8"?>
<!-- Generated by org.testng.reporters.JUnitReportReporter -->
<testsuite hostname="DESKTOP-1SFM1CA" name="com.testPack.LoginPageTest" tests="1" failures="0" timestamp="9 May 2019 13:15:47 GMT" time="21.661" errors="0">
  <testcase name="searchItem" time="21.661" classname="com.testPack.LoginPageTest"/>
</testsuite> <!-- com.testPack.LoginPageTest -->
