<?xml version="1.0" encoding="UTF-8"?>
<!-- Generated by org.testng.reporters.JUnitReportReporter -->
<testsuite hostname="DESKTOP-1SFM1CA" name="com.testPack.SearchPage_test" tests="4" failures="0" timestamp="13 May 2019 05:43:58 GMT" time="10.494" errors="0">
  <testcase name="add_to_cart" time="5.188" classname="com.testPack.SearchPage_test"/>
  <testcase name="searchItem" time="2.685" classname="com.testPack.SearchPage_test"/>
  <testcase name="movetoFrame" time="0.036" classname="com.testPack.SearchPage_test"/>
  <testcase name="checkOut" time="2.585" classname="com.testPack.SearchPage_test"/>
</testsuite> <!-- com.testPack.SearchPage_test -->
