<?xml version="1.0" encoding="UTF-8"?>
<!-- Generated by org.testng.reporters.JUnitReportReporter -->
<testsuite hostname="DESKTOP-1SFM1CA" name="com.testPack.Authentication_Page_test" tests="1" failures="0" timestamp="8 May 2019 11:20:03 GMT" time="21.688" errors="0">
  <testcase name="fillemailadd" time="21.688" classname="com.testPack.Authentication_Page_test"/>
</testsuite> <!-- com.testPack.Authentication_Page_test -->
